{"/home/ashleyc/Documents/UMassD/Y4S-CIS-470/CIS-470_Project/src/bf_interpreter.js": {"path":"/home/ashleyc/Documents/UMassD/Y4S-CIS-470/CIS-470_Project/src/bf_interpreter.js","statementMap":{"0":{"start":{"line":3,"column":4},"end":{"line":3,"column":19}},"1":{"start":{"line":18,"column":4},"end":{"line":20,"column":5}},"2":{"start":{"line":19,"column":8},"end":{"line":19,"column":51}},"3":{"start":{"line":22,"column":4},"end":{"line":22,"column":15}},"4":{"start":{"line":23,"column":4},"end":{"line":23,"column":21}},"5":{"start":{"line":24,"column":4},"end":{"line":24,"column":22}},"6":{"start":{"line":25,"column":4},"end":{"line":25,"column":16}},"7":{"start":{"line":26,"column":4},"end":{"line":26,"column":20}},"8":{"start":{"line":27,"column":4},"end":{"line":27,"column":28}},"9":{"start":{"line":28,"column":4},"end":{"line":95,"column":5}},"10":{"start":{"line":28,"column":30},"end":{"line":28,"column":31}},"11":{"start":{"line":29,"column":8},"end":{"line":94,"column":9}},"12":{"start":{"line":30,"column":12},"end":{"line":83,"column":13}},"13":{"start":{"line":32,"column":20},"end":{"line":32,"column":71}},"14":{"start":{"line":33,"column":20},"end":{"line":33,"column":26}},"15":{"start":{"line":35,"column":20},"end":{"line":35,"column":71}},"16":{"start":{"line":36,"column":20},"end":{"line":36,"column":26}},"17":{"start":{"line":38,"column":20},"end":{"line":38,"column":35}},"18":{"start":{"line":39,"column":20},"end":{"line":41,"column":21}},"19":{"start":{"line":40,"column":24},"end":{"line":40,"column":36}},"20":{"start":{"line":42,"column":20},"end":{"line":42,"column":26}},"21":{"start":{"line":44,"column":20},"end":{"line":44,"column":35}},"22":{"start":{"line":45,"column":20},"end":{"line":48,"column":21}},"23":{"start":{"line":46,"column":24},"end":{"line":46,"column":40}},"24":{"start":{"line":47,"column":24},"end":{"line":47,"column":41}},"25":{"start":{"line":49,"column":20},"end":{"line":49,"column":26}},"26":{"start":{"line":51,"column":20},"end":{"line":56,"column":21}},"27":{"start":{"line":52,"column":24},"end":{"line":52,"column":47}},"28":{"start":{"line":54,"column":24},"end":{"line":54,"column":85}},"29":{"start":{"line":55,"column":24},"end":{"line":55,"column":40}},"30":{"start":{"line":57,"column":20},"end":{"line":57,"column":26}},"31":{"start":{"line":59,"column":20},"end":{"line":59,"column":71}},"32":{"start":{"line":61,"column":20},"end":{"line":61,"column":26}},"33":{"start":{"line":63,"column":20},"end":{"line":67,"column":21}},"34":{"start":{"line":64,"column":24},"end":{"line":64,"column":46}},"35":{"start":{"line":66,"column":24},"end":{"line":66,"column":57}},"36":{"start":{"line":68,"column":20},"end":{"line":68,"column":26}},"37":{"start":{"line":70,"column":20},"end":{"line":78,"column":21}},"38":{"start":{"line":71,"column":24},"end":{"line":75,"column":25}},"39":{"start":{"line":72,"column":28},"end":{"line":72,"column":64}},"40":{"start":{"line":74,"column":28},"end":{"line":74,"column":45}},"41":{"start":{"line":77,"column":24},"end":{"line":77,"column":106}},"42":{"start":{"line":79,"column":20},"end":{"line":79,"column":26}},"43":{"start":{"line":81,"column":20},"end":{"line":81,"column":108}},"44":{"start":{"line":85,"column":12},"end":{"line":93,"column":13}},"45":{"start":{"line":87,"column":20},"end":{"line":87,"column":42}},"46":{"start":{"line":88,"column":20},"end":{"line":88,"column":26}},"47":{"start":{"line":90,"column":20},"end":{"line":90,"column":42}},"48":{"start":{"line":91,"column":20},"end":{"line":91,"column":26}},"49":{"start":{"line":96,"column":4},"end":{"line":96,"column":18}},"50":{"start":{"line":100,"column":0},"end":{"line":100,"column":30}}},"fnMap":{"0":{"name":"as_u8","decl":{"start":{"line":2,"column":9},"end":{"line":2,"column":14}},"loc":{"start":{"line":2,"column":18},"end":{"line":4,"column":1}},"line":2},"1":{"name":"interpret_bf","decl":{"start":{"line":17,"column":9},"end":{"line":17,"column":21}},"loc":{"start":{"line":17,"column":41},"end":{"line":97,"column":1}},"line":17}},"branchMap":{"0":{"loc":{"start":{"line":17,"column":31},"end":{"line":17,"column":39}},"type":"default-arg","locations":[{"start":{"line":17,"column":37},"end":{"line":17,"column":39}}],"line":17},"1":{"loc":{"start":{"line":18,"column":4},"end":{"line":20,"column":5}},"type":"if","locations":[{"start":{"line":18,"column":4},"end":{"line":20,"column":5}},{"start":{},"end":{}}],"line":18},"2":{"loc":{"start":{"line":29,"column":8},"end":{"line":94,"column":9}},"type":"if","locations":[{"start":{"line":29,"column":8},"end":{"line":94,"column":9}},{"start":{"line":84,"column":15},"end":{"line":94,"column":9}}],"line":29},"3":{"loc":{"start":{"line":30,"column":12},"end":{"line":83,"column":13}},"type":"switch","locations":[{"start":{"line":31,"column":16},"end":{"line":33,"column":26}},{"start":{"line":34,"column":16},"end":{"line":36,"column":26}},{"start":{"line":37,"column":16},"end":{"line":42,"column":26}},{"start":{"line":43,"column":16},"end":{"line":49,"column":26}},{"start":{"line":50,"column":16},"end":{"line":57,"column":26}},{"start":{"line":58,"column":16},"end":{"line":61,"column":26}},{"start":{"line":62,"column":16},"end":{"line":68,"column":26}},{"start":{"line":69,"column":16},"end":{"line":79,"column":26}},{"start":{"line":80,"column":16},"end":{"line":81,"column":108}}],"line":30},"4":{"loc":{"start":{"line":39,"column":20},"end":{"line":41,"column":21}},"type":"if","locations":[{"start":{"line":39,"column":20},"end":{"line":41,"column":21}},{"start":{},"end":{}}],"line":39},"5":{"loc":{"start":{"line":45,"column":20},"end":{"line":48,"column":21}},"type":"if","locations":[{"start":{"line":45,"column":20},"end":{"line":48,"column":21}},{"start":{},"end":{}}],"line":45},"6":{"loc":{"start":{"line":51,"column":20},"end":{"line":56,"column":21}},"type":"if","locations":[{"start":{"line":51,"column":20},"end":{"line":56,"column":21}},{"start":{"line":53,"column":27},"end":{"line":56,"column":21}}],"line":51},"7":{"loc":{"start":{"line":63,"column":20},"end":{"line":67,"column":21}},"type":"if","locations":[{"start":{"line":63,"column":20},"end":{"line":67,"column":21}},{"start":{"line":65,"column":27},"end":{"line":67,"column":21}}],"line":63},"8":{"loc":{"start":{"line":70,"column":20},"end":{"line":78,"column":21}},"type":"if","locations":[{"start":{"line":70,"column":20},"end":{"line":78,"column":21}},{"start":{"line":76,"column":27},"end":{"line":78,"column":21}}],"line":70},"9":{"loc":{"start":{"line":71,"column":24},"end":{"line":75,"column":25}},"type":"if","locations":[{"start":{"line":71,"column":24},"end":{"line":75,"column":25}},{"start":{"line":73,"column":31},"end":{"line":75,"column":25}}],"line":71},"10":{"loc":{"start":{"line":85,"column":12},"end":{"line":93,"column":13}},"type":"switch","locations":[{"start":{"line":86,"column":16},"end":{"line":88,"column":26}},{"start":{"line":89,"column":16},"end":{"line":91,"column":26}}],"line":85}},"s":{"0":14573,"1":14,"2":1,"3":13,"4":13,"5":13,"6":13,"7":13,"8":13,"9":13,"10":13,"11":27755,"12":27350,"13":3685,"14":3685,"15":10879,"16":10879,"17":4522,"18":4522,"19":32,"20":4522,"21":4503,"22":4503,"23":8,"24":8,"25":4503,"26":12,"27":3,"28":9,"29":9,"30":12,"31":39,"32":39,"33":977,"34":55,"35":922,"36":977,"37":2668,"38":2667,"39":1745,"40":922,"41":1,"42":2667,"43":0,"44":405,"45":3,"46":3,"47":58,"48":58,"49":12,"50":1},"f":{"0":14573,"1":14},"b":{"0":[8],"1":[1,13],"2":[27350,405],"3":[3685,10879,4522,4503,12,39,977,2668,0],"4":[32,4490],"5":[8,4495],"6":[3,9],"7":[55,922],"8":[2667,1],"9":[1745,922],"10":[3,58]},"_coverageSchema":"1a1c01bbd47fc00a2c39e90264f33305004495a9","hash":"a72cfa7759c767baa47825e16d4316f04a8a08f2"}
}
