{"/home/ashleyc/Documents/UMassD/Y4S-CIS-470/CIS-470_Project/app.js": {"path":"/home/ashleyc/Documents/UMassD/Y4S-CIS-470/CIS-470_Project/app.js","statementMap":{"0":{"start":{"line":3,"column":4},"end":{"line":3,"column":19}},"1":{"start":{"line":8,"column":4},"end":{"line":8,"column":12}},"2":{"start":{"line":9,"column":4},"end":{"line":12,"column":5}},"3":{"start":{"line":10,"column":8},"end":{"line":10,"column":34}},"4":{"start":{"line":11,"column":8},"end":{"line":11,"column":62}},"5":{"start":{"line":13,"column":4},"end":{"line":13,"column":14}},"6":{"start":{"line":18,"column":4},"end":{"line":20,"column":5}},"7":{"start":{"line":19,"column":8},"end":{"line":19,"column":51}},"8":{"start":{"line":22,"column":4},"end":{"line":22,"column":15}},"9":{"start":{"line":23,"column":4},"end":{"line":23,"column":21}},"10":{"start":{"line":24,"column":4},"end":{"line":24,"column":22}},"11":{"start":{"line":25,"column":4},"end":{"line":25,"column":16}},"12":{"start":{"line":26,"column":4},"end":{"line":26,"column":20}},"13":{"start":{"line":27,"column":4},"end":{"line":27,"column":28}},"14":{"start":{"line":28,"column":4},"end":{"line":89,"column":5}},"15":{"start":{"line":28,"column":30},"end":{"line":28,"column":31}},"16":{"start":{"line":29,"column":8},"end":{"line":88,"column":9}},"17":{"start":{"line":30,"column":12},"end":{"line":77,"column":13}},"18":{"start":{"line":32,"column":20},"end":{"line":32,"column":71}},"19":{"start":{"line":33,"column":20},"end":{"line":33,"column":26}},"20":{"start":{"line":35,"column":20},"end":{"line":35,"column":71}},"21":{"start":{"line":36,"column":20},"end":{"line":36,"column":26}},"22":{"start":{"line":38,"column":20},"end":{"line":38,"column":35}},"23":{"start":{"line":39,"column":20},"end":{"line":41,"column":21}},"24":{"start":{"line":40,"column":24},"end":{"line":40,"column":36}},"25":{"start":{"line":42,"column":20},"end":{"line":42,"column":26}},"26":{"start":{"line":44,"column":20},"end":{"line":44,"column":35}},"27":{"start":{"line":45,"column":20},"end":{"line":48,"column":21}},"28":{"start":{"line":46,"column":24},"end":{"line":46,"column":40}},"29":{"start":{"line":47,"column":24},"end":{"line":47,"column":41}},"30":{"start":{"line":49,"column":20},"end":{"line":49,"column":26}},"31":{"start":{"line":51,"column":20},"end":{"line":56,"column":21}},"32":{"start":{"line":52,"column":24},"end":{"line":52,"column":47}},"33":{"start":{"line":54,"column":24},"end":{"line":54,"column":85}},"34":{"start":{"line":55,"column":24},"end":{"line":55,"column":40}},"35":{"start":{"line":57,"column":20},"end":{"line":57,"column":26}},"36":{"start":{"line":59,"column":20},"end":{"line":59,"column":71}},"37":{"start":{"line":60,"column":20},"end":{"line":60,"column":81}},"38":{"start":{"line":61,"column":20},"end":{"line":61,"column":26}},"39":{"start":{"line":63,"column":20},"end":{"line":67,"column":21}},"40":{"start":{"line":64,"column":24},"end":{"line":64,"column":46}},"41":{"start":{"line":66,"column":24},"end":{"line":66,"column":57}},"42":{"start":{"line":68,"column":20},"end":{"line":68,"column":26}},"43":{"start":{"line":70,"column":20},"end":{"line":74,"column":21}},"44":{"start":{"line":71,"column":24},"end":{"line":71,"column":60}},"45":{"start":{"line":73,"column":24},"end":{"line":73,"column":41}},"46":{"start":{"line":75,"column":20},"end":{"line":75,"column":26}},"47":{"start":{"line":79,"column":12},"end":{"line":87,"column":13}},"48":{"start":{"line":81,"column":20},"end":{"line":81,"column":42}},"49":{"start":{"line":82,"column":20},"end":{"line":82,"column":26}},"50":{"start":{"line":84,"column":20},"end":{"line":84,"column":42}},"51":{"start":{"line":85,"column":20},"end":{"line":85,"column":26}},"52":{"start":{"line":90,"column":4},"end":{"line":90,"column":18}},"53":{"start":{"line":93,"column":0},"end":{"line":93,"column":108}},"54":{"start":{"line":118,"column":0},"end":{"line":118,"column":27}},"55":{"start":{"line":121,"column":0},"end":{"line":121,"column":30}}},"fnMap":{"0":{"name":"as_u8","decl":{"start":{"line":2,"column":9},"end":{"line":2,"column":14}},"loc":{"start":{"line":2,"column":18},"end":{"line":4,"column":1}},"line":2},"1":{"name":"tape_str","decl":{"start":{"line":7,"column":9},"end":{"line":7,"column":17}},"loc":{"start":{"line":7,"column":34},"end":{"line":14,"column":1}},"line":7},"2":{"name":"interpret_bf","decl":{"start":{"line":17,"column":9},"end":{"line":17,"column":21}},"loc":{"start":{"line":17,"column":41},"end":{"line":91,"column":1}},"line":17}},"branchMap":{"0":{"loc":{"start":{"line":10,"column":14},"end":{"line":10,"column":34}},"type":"cond-expr","locations":[{"start":{"line":10,"column":24},"end":{"line":10,"column":28}},{"start":{"line":10,"column":31},"end":{"line":10,"column":34}}],"line":10},"1":{"loc":{"start":{"line":17,"column":31},"end":{"line":17,"column":39}},"type":"default-arg","locations":[{"start":{"line":17,"column":37},"end":{"line":17,"column":39}}],"line":17},"2":{"loc":{"start":{"line":18,"column":4},"end":{"line":20,"column":5}},"type":"if","locations":[{"start":{"line":18,"column":4},"end":{"line":20,"column":5}},{"start":{},"end":{}}],"line":18},"3":{"loc":{"start":{"line":29,"column":8},"end":{"line":88,"column":9}},"type":"if","locations":[{"start":{"line":29,"column":8},"end":{"line":88,"column":9}},{"start":{"line":78,"column":15},"end":{"line":88,"column":9}}],"line":29},"4":{"loc":{"start":{"line":30,"column":12},"end":{"line":77,"column":13}},"type":"switch","locations":[{"start":{"line":31,"column":16},"end":{"line":33,"column":26}},{"start":{"line":34,"column":16},"end":{"line":36,"column":26}},{"start":{"line":37,"column":16},"end":{"line":42,"column":26}},{"start":{"line":43,"column":16},"end":{"line":49,"column":26}},{"start":{"line":50,"column":16},"end":{"line":57,"column":26}},{"start":{"line":58,"column":16},"end":{"line":61,"column":26}},{"start":{"line":62,"column":16},"end":{"line":68,"column":26}},{"start":{"line":69,"column":16},"end":{"line":75,"column":26}}],"line":30},"5":{"loc":{"start":{"line":39,"column":20},"end":{"line":41,"column":21}},"type":"if","locations":[{"start":{"line":39,"column":20},"end":{"line":41,"column":21}},{"start":{},"end":{}}],"line":39},"6":{"loc":{"start":{"line":45,"column":20},"end":{"line":48,"column":21}},"type":"if","locations":[{"start":{"line":45,"column":20},"end":{"line":48,"column":21}},{"start":{},"end":{}}],"line":45},"7":{"loc":{"start":{"line":51,"column":20},"end":{"line":56,"column":21}},"type":"if","locations":[{"start":{"line":51,"column":20},"end":{"line":56,"column":21}},{"start":{"line":53,"column":27},"end":{"line":56,"column":21}}],"line":51},"8":{"loc":{"start":{"line":63,"column":20},"end":{"line":67,"column":21}},"type":"if","locations":[{"start":{"line":63,"column":20},"end":{"line":67,"column":21}},{"start":{"line":65,"column":27},"end":{"line":67,"column":21}}],"line":63},"9":{"loc":{"start":{"line":70,"column":20},"end":{"line":74,"column":21}},"type":"if","locations":[{"start":{"line":70,"column":20},"end":{"line":74,"column":21}},{"start":{"line":72,"column":27},"end":{"line":74,"column":21}}],"line":70},"10":{"loc":{"start":{"line":79,"column":12},"end":{"line":87,"column":13}},"type":"switch","locations":[{"start":{"line":80,"column":16},"end":{"line":82,"column":26}},{"start":{"line":83,"column":16},"end":{"line":85,"column":26}}],"line":79}},"s":{"0":221429,"1":0,"2":0,"3":0,"4":0,"5":0,"6":13,"7":1,"8":12,"9":12,"10":12,"11":12,"12":12,"13":12,"14":12,"15":12,"16":500965,"17":500560,"18":33433,"19":33433,"20":187987,"21":187987,"22":122823,"23":122823,"24":256,"25":122823,"26":122588,"27":122588,"28":8,"29":8,"30":122588,"31":11,"32":2,"33":9,"34":9,"35":11,"36":51,"37":51,"38":51,"39":1198,"40":55,"41":1143,"42":1198,"43":32404,"44":31261,"45":1143,"46":32404,"47":405,"48":3,"49":3,"50":58,"51":58,"52":12,"53":1,"54":1,"55":1},"f":{"0":221429,"1":0,"2":13},"b":{"0":[0,0],"1":[8],"2":[1,12],"3":[500560,405],"4":[33433,187987,122823,122588,11,51,1198,32404],"5":[256,122567],"6":[8,122580],"7":[2,9],"8":[55,1143],"9":[31261,1143],"10":[3,58]},"_coverageSchema":"1a1c01bbd47fc00a2c39e90264f33305004495a9","hash":"cb97a718b64a3899820daa54537a94ae61f8e54d"}
}
