TN:
SF:src/bf_interpreter.js
FN:2,as_u8
FN:18,interpret_bf
FNF:2
FNH:2
FNDA:14582,as_u8
FNDA:14,interpret_bf
DA:3,14582
DA:4,14581
DA:19,14
DA:20,1
DA:23,13
DA:24,13
DA:25,13
DA:26,13
DA:27,13
DA:28,13
DA:29,13
DA:30,27755
DA:31,27350
DA:33,3685
DA:34,3685
DA:36,10879
DA:37,10879
DA:39,4522
DA:40,4522
DA:41,32
DA:43,4522
DA:45,4503
DA:46,4503
DA:47,8
DA:48,8
DA:50,4503
DA:52,12
DA:53,3
DA:55,9
DA:56,9
DA:58,12
DA:60,39
DA:62,39
DA:64,977
DA:65,55
DA:67,922
DA:69,977
DA:71,2668
DA:72,2667
DA:73,1745
DA:75,922
DA:78,1
DA:80,2667
DA:84,405
DA:86,3
DA:87,3
DA:89,58
DA:90,58
DA:95,12
DA:99,1
DA:100,1
LF:51
LH:51
BRDA:3,0,0,1
BRDA:3,0,1,14581
BRDA:18,1,0,9
BRDA:19,2,0,1
BRDA:19,2,1,13
BRDA:30,3,0,27350
BRDA:30,3,1,405
BRDA:31,4,0,3685
BRDA:31,4,1,10879
BRDA:31,4,2,4522
BRDA:31,4,3,4503
BRDA:31,4,4,12
BRDA:31,4,5,39
BRDA:31,4,6,977
BRDA:31,4,7,2668
BRDA:40,5,0,32
BRDA:40,5,1,4490
BRDA:46,6,0,8
BRDA:46,6,1,4495
BRDA:52,7,0,3
BRDA:52,7,1,9
BRDA:64,8,0,55
BRDA:64,8,1,922
BRDA:71,9,0,2667
BRDA:71,9,1,1
BRDA:72,10,0,1745
BRDA:72,10,1,922
BRDA:84,11,0,3
BRDA:84,11,1,58
BRF:29
BRH:29
end_of_record
