TN:
SF:src/bf_interpreter.js
FN:2,as_u8
FN:17,interpret_bf
FNF:2
FNH:2
FNDA:14573,as_u8
FNDA:14,interpret_bf
DA:3,14573
DA:18,14
DA:19,1
DA:22,13
DA:23,13
DA:24,13
DA:25,13
DA:26,13
DA:27,13
DA:28,13
DA:29,27755
DA:30,27350
DA:32,3685
DA:33,3685
DA:35,10879
DA:36,10879
DA:38,4522
DA:39,4522
DA:40,32
DA:42,4522
DA:44,4503
DA:45,4503
DA:46,8
DA:47,8
DA:49,4503
DA:51,12
DA:52,3
DA:54,9
DA:55,9
DA:57,12
DA:59,39
DA:61,39
DA:63,977
DA:64,55
DA:66,922
DA:68,977
DA:70,2668
DA:71,2667
DA:72,1745
DA:74,922
DA:77,1
DA:79,2667
DA:81,0
DA:85,405
DA:87,3
DA:88,3
DA:90,58
DA:91,58
DA:96,12
DA:100,1
LF:50
LH:49
BRDA:17,0,0,8
BRDA:18,1,0,1
BRDA:18,1,1,13
BRDA:29,2,0,27350
BRDA:29,2,1,405
BRDA:30,3,0,3685
BRDA:30,3,1,10879
BRDA:30,3,2,4522
BRDA:30,3,3,4503
BRDA:30,3,4,12
BRDA:30,3,5,39
BRDA:30,3,6,977
BRDA:30,3,7,2668
BRDA:30,3,8,0
BRDA:39,4,0,32
BRDA:39,4,1,4490
BRDA:45,5,0,8
BRDA:45,5,1,4495
BRDA:51,6,0,3
BRDA:51,6,1,9
BRDA:63,7,0,55
BRDA:63,7,1,922
BRDA:70,8,0,2667
BRDA:70,8,1,1
BRDA:71,9,0,1745
BRDA:71,9,1,922
BRDA:85,10,0,3
BRDA:85,10,1,58
BRF:28
BRH:27
end_of_record
